  [1m[35m (0.1ms)[0m  [1m[34mSELECT sqlite_version(*)[0m
  ↳ bin/rails:9
  [1m[35m (1.1ms)[0m  [1m[35mCREATE TABLE "schema_migrations" ("version" varchar NOT NULL PRIMARY KEY)[0m
  ↳ bin/rails:9
  [1m[35m (0.7ms)[0m  [1m[35mCREATE TABLE "ar_internal_metadata" ("key" varchar NOT NULL PRIMARY KEY, "value" varchar, "created_at" datetime NOT NULL, "updated_at" datetime NOT NULL)[0m
  ↳ bin/rails:9
  [1m[35m (0.1ms)[0m  [1m[34mSELECT "schema_migrations"."version" FROM "schema_migrations" ORDER BY "schema_migrations"."version" ASC[0m
  ↳ bin/rails:9
Migrating to CreateShips (20190725140631)
  [1m[35m (0.1ms)[0m  [1m[36mbegin transaction[0m
  ↳ bin/rails:9
  [1m[35m (0.3ms)[0m  [1m[35mCREATE TABLE "ships" ("id" integer PRIMARY KEY AUTOINCREMENT NOT NULL, "crew_size" integer, "name" varchar, "category" varchar, "created_at" datetime NOT NULL, "updated_at" datetime NOT NULL)[0m
  ↳ db/migrate/20190725140631_create_ships.rb:3
  [1m[36mActiveRecord::SchemaMigration Create (0.1ms)[0m  [1m[32mINSERT INTO "schema_migrations" ("version") VALUES (?)[0m  [["version", "20190725140631"]]
  ↳ bin/rails:9
  [1m[35m (0.4ms)[0m  [1m[36mcommit transaction[0m
  ↳ bin/rails:9
Migrating to CreateDockings (20190725140917)
  [1m[35m (0.1ms)[0m  [1m[36mbegin transaction[0m
  ↳ bin/rails:9
  [1m[35m (0.3ms)[0m  [1m[35mCREATE TABLE "dockings" ("id" integer PRIMARY KEY AUTOINCREMENT NOT NULL, "docked" boolean, "ship_id" integer, "port_id" integer, "created_at" datetime NOT NULL, "updated_at" datetime NOT NULL)[0m
  ↳ db/migrate/20190725140917_create_dockings.rb:3
  [1m[36mActiveRecord::SchemaMigration Create (0.1ms)[0m  [1m[32mINSERT INTO "schema_migrations" ("version") VALUES (?)[0m  [["version", "20190725140917"]]
  ↳ bin/rails:9
  [1m[35m (0.4ms)[0m  [1m[36mcommit transaction[0m
  ↳ bin/rails:9
Migrating to CreatePorts (20190725141019)
  [1m[35m (0.0ms)[0m  [1m[36mbegin transaction[0m
  ↳ bin/rails:9
  [1m[35m (0.6ms)[0m  [1m[35mCREATE TABLE "ports" ("id" integer PRIMARY KEY AUTOINCREMENT NOT NULL, "docks" integer, "location" varchar, "name" varchar, "category" varchar, "created_at" datetime NOT NULL, "updated_at" datetime NOT NULL)[0m
  ↳ db/migrate/20190725141019_create_ports.rb:3
  [1m[36mActiveRecord::SchemaMigration Create (0.1ms)[0m  [1m[32mINSERT INTO "schema_migrations" ("version") VALUES (?)[0m  [["version", "20190725141019"]]
  ↳ bin/rails:9
  [1m[35m (0.5ms)[0m  [1m[36mcommit transaction[0m
  ↳ bin/rails:9
  [1m[36mActiveRecord::InternalMetadata Load (0.1ms)[0m  [1m[34mSELECT  "ar_internal_metadata".* FROM "ar_internal_metadata" WHERE "ar_internal_metadata"."key" = ? LIMIT ?[0m  [["key", "environment"], ["LIMIT", 1]]
  ↳ bin/rails:9
  [1m[35m (0.0ms)[0m  [1m[36mbegin transaction[0m
  ↳ bin/rails:9
  [1m[36mActiveRecord::InternalMetadata Create (0.3ms)[0m  [1m[32mINSERT INTO "ar_internal_metadata" ("key", "value", "created_at", "updated_at") VALUES (?, ?, ?, ?)[0m  [["key", "environment"], ["value", "development"], ["created_at", "2019-07-25 14:10:44.446359"], ["updated_at", "2019-07-25 14:10:44.446359"]]
  ↳ bin/rails:9
  [1m[35m (0.6ms)[0m  [1m[36mcommit transaction[0m
  ↳ bin/rails:9
  [1m[35m (0.1ms)[0m  [1m[34mSELECT "schema_migrations"."version" FROM "schema_migrations" ORDER BY "schema_migrations"."version" ASC[0m
  ↳ bin/rails:9
  [1m[35m (0.1ms)[0m  [1m[34mSELECT "schema_migrations"."version" FROM "schema_migrations" ORDER BY "schema_migrations"."version" ASC[0m
  ↳ bin/rails:9
Migrating to AddDefaultToDocking (20190725141149)
  [1m[35m (0.0ms)[0m  [1m[36mbegin transaction[0m
  ↳ bin/rails:9
  [1m[35m (0.0ms)[0m  [1m[34mSELECT sqlite_version(*)[0m
  ↳ db/migrate/20190725141149_add_default_to_docking.rb:3
  [1m[35m (0.2ms)[0m  [1m[35mCREATE TEMPORARY TABLE "adockings" ("id" integer NOT NULL PRIMARY KEY, "docked" boolean DEFAULT NULL, "ship_id" integer DEFAULT NULL, "port_id" integer DEFAULT NULL, "created_at" datetime NOT NULL, "updated_at" datetime NOT NULL)[0m
  ↳ db/migrate/20190725141149_add_default_to_docking.rb:3
  [1m[35m (0.0ms)[0m  [1m[32mINSERT INTO "adockings" ("id","docked","ship_id","port_id","created_at","updated_at")
                     SELECT "id","docked","ship_id","port_id","created_at","updated_at" FROM "dockings"[0m
  ↳ db/migrate/20190725141149_add_default_to_docking.rb:3
  [1m[35m (0.3ms)[0m  [1m[35mDROP TABLE "dockings"[0m
  ↳ db/migrate/20190725141149_add_default_to_docking.rb:3
  [1m[35m (0.3ms)[0m  [1m[31mrollback transaction[0m
  ↳ bin/rails:9
  [1m[35m (0.1ms)[0m  [1m[34mSELECT "schema_migrations"."version" FROM "schema_migrations" ORDER BY "schema_migrations"."version" ASC[0m
  ↳ bin/rails:9
Migrating to AddDefaultToDocking (20190725141149)
  [1m[35m (0.0ms)[0m  [1m[36mbegin transaction[0m
  ↳ bin/rails:9
  [1m[35m (0.0ms)[0m  [1m[34mSELECT sqlite_version(*)[0m
  ↳ db/migrate/20190725141149_add_default_to_docking.rb:3
  [1m[35m (0.2ms)[0m  [1m[35mCREATE TEMPORARY TABLE "adockings" ("id" integer NOT NULL PRIMARY KEY, "docked" boolean DEFAULT NULL, "ship_id" integer DEFAULT NULL, "port_id" integer DEFAULT NULL, "created_at" datetime NOT NULL, "updated_at" datetime NOT NULL)[0m
  ↳ db/migrate/20190725141149_add_default_to_docking.rb:3
  [1m[35m (0.0ms)[0m  [1m[32mINSERT INTO "adockings" ("id","docked","ship_id","port_id","created_at","updated_at")
                     SELECT "id","docked","ship_id","port_id","created_at","updated_at" FROM "dockings"[0m
  ↳ db/migrate/20190725141149_add_default_to_docking.rb:3
  [1m[35m (0.2ms)[0m  [1m[35mDROP TABLE "dockings"[0m
  ↳ db/migrate/20190725141149_add_default_to_docking.rb:3
  [1m[35m (0.3ms)[0m  [1m[31mrollback transaction[0m
  ↳ bin/rails:9
  [1m[35m (0.1ms)[0m  [1m[34mSELECT "schema_migrations"."version" FROM "schema_migrations" ORDER BY "schema_migrations"."version" ASC[0m
  ↳ bin/rails:9
Migrating to AddDefaultToDocking (20190725141149)
  [1m[35m (0.0ms)[0m  [1m[36mbegin transaction[0m
  ↳ bin/rails:9
  [1m[35m (0.0ms)[0m  [1m[34mSELECT sqlite_version(*)[0m
  ↳ db/migrate/20190725141149_add_default_to_docking.rb:3
  [1m[35m (0.2ms)[0m  [1m[35mCREATE TEMPORARY TABLE "adockings" ("id" integer NOT NULL PRIMARY KEY, "docked" boolean DEFAULT NULL, "ship_id" integer DEFAULT NULL, "port_id" integer DEFAULT NULL, "created_at" datetime NOT NULL, "updated_at" datetime NOT NULL)[0m
  ↳ db/migrate/20190725141149_add_default_to_docking.rb:3
  [1m[35m (0.0ms)[0m  [1m[32mINSERT INTO "adockings" ("id","docked","ship_id","port_id","created_at","updated_at")
                     SELECT "id","docked","ship_id","port_id","created_at","updated_at" FROM "dockings"[0m
  ↳ db/migrate/20190725141149_add_default_to_docking.rb:3
  [1m[35m (0.2ms)[0m  [1m[35mDROP TABLE "dockings"[0m
  ↳ db/migrate/20190725141149_add_default_to_docking.rb:3
  [1m[35m (0.1ms)[0m  [1m[35mCREATE TABLE "dockings" ("id" integer NOT NULL PRIMARY KEY, "docked" boolean DEFAULT 1, "ship_id" integer DEFAULT NULL, "port_id" integer DEFAULT NULL, "created_at" datetime NOT NULL, "updated_at" datetime NOT NULL)[0m
  ↳ db/migrate/20190725141149_add_default_to_docking.rb:3
  [1m[35m (0.0ms)[0m  [1m[32mINSERT INTO "dockings" ("id","docked","ship_id","port_id","created_at","updated_at")
                     SELECT "id","docked","ship_id","port_id","created_at","updated_at" FROM "adockings"[0m
  ↳ db/migrate/20190725141149_add_default_to_docking.rb:3
  [1m[35m (0.1ms)[0m  [1m[35mDROP TABLE "adockings"[0m
  ↳ db/migrate/20190725141149_add_default_to_docking.rb:3
  [1m[36mActiveRecord::SchemaMigration Create (0.1ms)[0m  [1m[32mINSERT INTO "schema_migrations" ("version") VALUES (?)[0m  [["version", "20190725141149"]]
  ↳ bin/rails:9
  [1m[35m (0.6ms)[0m  [1m[36mcommit transaction[0m
  ↳ bin/rails:9
  [1m[36mActiveRecord::InternalMetadata Load (0.1ms)[0m  [1m[34mSELECT  "ar_internal_metadata".* FROM "ar_internal_metadata" WHERE "ar_internal_metadata"."key" = ? LIMIT ?[0m  [["key", "environment"], ["LIMIT", 1]]
  ↳ bin/rails:9
  [1m[35m (0.0ms)[0m  [1m[36mbegin transaction[0m
  ↳ bin/rails:9
  [1m[35m (0.0ms)[0m  [1m[36mcommit transaction[0m
  ↳ bin/rails:9
  [1m[35m (0.1ms)[0m  [1m[34mSELECT "schema_migrations"."version" FROM "schema_migrations" ORDER BY "schema_migrations"."version" ASC[0m
  ↳ bin/rails:9
  [1m[35m (0.0ms)[0m  [1m[36mbegin transaction[0m
  [1m[36mShip Create (0.3ms)[0m  [1m[32mINSERT INTO "ships" ("crew_size", "name", "category", "created_at", "updated_at") VALUES (?, ?, ?, ?, ?)[0m  [["crew_size", 10], ["name", "Bertha"], ["category", "Cargo"], ["created_at", "2019-07-25 14:21:42.306656"], ["updated_at", "2019-07-25 14:21:42.306656"]]
  [1m[35m (0.6ms)[0m  [1m[36mcommit transaction[0m
  [1m[35m (0.0ms)[0m  [1m[36mbegin transaction[0m
  [1m[36mPort Create (0.3ms)[0m  [1m[32mINSERT INTO "ports" ("docks", "location", "name", "category", "created_at", "updated_at") VALUES (?, ?, ?, ?, ?, ?)[0m  [["docks", 4], ["location", "China, Shanghai"], ["name", "Port of Shanghai"], ["category", "Cargo"], ["created_at", "2019-07-25 14:23:30.856056"], ["updated_at", "2019-07-25 14:23:30.856056"]]
  [1m[35m (0.6ms)[0m  [1m[36mcommit transaction[0m
  [1m[35m (0.0ms)[0m  [1m[36mbegin transaction[0m
  [1m[36mShip Load (0.2ms)[0m  [1m[34mSELECT  "ships".* FROM "ships" WHERE "ships"."id" = ? LIMIT ?[0m  [["id", 1], ["LIMIT", 1]]
  [1m[36mPort Load (0.2ms)[0m  [1m[34mSELECT  "ports".* FROM "ports" WHERE "ports"."id" = ? LIMIT ?[0m  [["id", 1], ["LIMIT", 1]]
  [1m[36mDocking Create (0.3ms)[0m  [1m[32mINSERT INTO "dockings" ("ship_id", "port_id", "created_at", "updated_at") VALUES (?, ?, ?, ?)[0m  [["ship_id", 1], ["port_id", 1], ["created_at", "2019-07-25 14:24:08.755377"], ["updated_at", "2019-07-25 14:24:08.755377"]]
  [1m[35m (0.6ms)[0m  [1m[36mcommit transaction[0m
  [1m[36mPort Load (0.2ms)[0m  [1m[34mSELECT  "ports".* FROM "ports" INNER JOIN "dockings" ON "ports"."id" = "dockings"."port_id" WHERE "dockings"."ship_id" = ? LIMIT ?[0m  [["ship_id", 1], ["LIMIT", 11]]
  [1m[36mShip Load (0.3ms)[0m  [1m[34mSELECT  "ships".* FROM "ships" INNER JOIN "dockings" ON "ships"."id" = "dockings"."ship_id" WHERE "dockings"."port_id" = ? LIMIT ?[0m  [["port_id", 1], ["LIMIT", 11]]
Started GET "/" for ::1 at 2019-07-25 10:34:41 -0400
  [1m[35m (0.1ms)[0m  [1m[34mSELECT "schema_migrations"."version" FROM "schema_migrations" ORDER BY "schema_migrations"."version" ASC[0m
  ↳ /Users/tjameson/.rvm/gems/ruby-2.6.1/gems/activerecord-5.2.3/lib/active_record/log_subscriber.rb:98
Processing by Rails::WelcomeController#index as HTML
  Rendering /Users/tjameson/.rvm/gems/ruby-2.6.1/gems/railties-5.2.3/lib/rails/templates/rails/welcome/index.html.erb
  Rendered /Users/tjameson/.rvm/gems/ruby-2.6.1/gems/railties-5.2.3/lib/rails/templates/rails/welcome/index.html.erb (2.8ms)
Completed 200 OK in 12ms (Views: 7.2ms | ActiveRecord: 0.0ms)


Started GET "/ships/new" for ::1 at 2019-07-25 10:34:47 -0400
Processing by ShipsController#new as HTML
  Rendering ships/new.html.erb within layouts/application
  Rendered ships/new.html.erb within layouts/application (41.2ms)
Completed 500 Internal Server Error in 247ms (ActiveRecord: 0.5ms)


  
ActionView::Template::Error (dyld: Library not loaded: /usr/local/opt/icu4c/lib/libicui18n.63.dylib
  Referenced from: /usr/local/bin/node
  Reason: image not found
):
     5:     <%= csrf_meta_tags %>
     6:     <%= csp_meta_tag %>
     7: 
     8:     <%= stylesheet_link_tag    'application', media: 'all', 'data-turbolinks-track': 'reload' %>
     9:     <%= javascript_include_tag 'application', 'data-turbolinks-track': 'reload' %>
    10:   </head>
    11: 
  
(execjs):1
app/views/layouts/application.html.erb:8:in `_app_views_layouts_application_html_erb___1648704672568519671_70246842032720'
Started GET "/ships/new" for ::1 at 2019-07-25 10:35:51 -0400
Processing by ShipsController#new as HTML
  Rendering ships/new.html.erb within layouts/application
  Rendered ships/new.html.erb within layouts/application (1.7ms)
Completed 500 Internal Server Error in 23ms (ActiveRecord: 0.0ms)


  
ActionView::Template::Error (dyld: Library not loaded: /usr/local/opt/icu4c/lib/libicui18n.63.dylib
  Referenced from: /usr/local/bin/node
  Reason: image not found
):
     5:     <%= csrf_meta_tags %>
     6:     <%= csp_meta_tag %>
     7: 
     8:     <%= stylesheet_link_tag    'application', media: 'all', 'data-turbolinks-track': 'reload' %>
     9:   </head>
    10: 
    11:   <body>
  
(execjs):1
app/views/layouts/application.html.erb:8:in `_app_views_layouts_application_html_erb___1648704672568519671_70246838950920'
Started POST "/__web_console/repl_sessions/bc16c3bf14ce8c52a7d0e52505d8b6ff/trace" for ::1 at 2019-07-25 10:36:00 -0400
Started GET "/ships/new" for ::1 at 2019-07-25 10:36:00 -0400
Processing by ShipsController#new as HTML
  Rendering ships/new.html.erb within layouts/application
  Rendered ships/new.html.erb within layouts/application (2.0ms)
Completed 500 Internal Server Error in 29ms (ActiveRecord: 0.0ms)


  
ActionView::Template::Error (dyld: Library not loaded: /usr/local/opt/icu4c/lib/libicui18n.63.dylib
  Referenced from: /usr/local/bin/node
  Reason: image not found
):
     5:     <%= csrf_meta_tags %>
     6:     <%= csp_meta_tag %>
     7: 
     8:     <%= stylesheet_link_tag    'application', media: 'all', 'data-turbolinks-track': 'reload' %>
     9:   </head>
    10: 
    11:   <body>
  
(execjs):1
app/views/layouts/application.html.erb:8:in `_app_views_layouts_application_html_erb___1648704672568519671_70246832350420'
Started GET "/ships/new" for ::1 at 2019-07-25 10:37:02 -0400
  [1m[35m (0.1ms)[0m  [1m[34mSELECT "schema_migrations"."version" FROM "schema_migrations" ORDER BY "schema_migrations"."version" ASC[0m
  ↳ /Users/tjameson/.rvm/gems/ruby-2.6.1/gems/activerecord-5.2.3/lib/active_record/log_subscriber.rb:98
Processing by ShipsController#new as HTML
  Rendering ships/new.html.erb within layouts/application
  Rendered ships/new.html.erb within layouts/application (4.3ms)
Completed 500 Internal Server Error in 175ms (ActiveRecord: 0.4ms)


  
ActionView::Template::Error (dyld: Library not loaded: /usr/local/opt/icu4c/lib/libicui18n.63.dylib
  Referenced from: /usr/local/bin/node
  Reason: image not found
):
     5:     <%= csrf_meta_tags %>
     6:     <%= csp_meta_tag %>
     7: 
     8:     <%= stylesheet_link_tag    'application', media: 'all', 'data-turbolinks-track': 'reload' %>
     9:   </head>
    10: 
    11:   <body>
  
(execjs):1
app/views/layouts/application.html.erb:8:in `_app_views_layouts_application_html_erb___4370207953077665312_70194947258540'
Started GET "/ships/new" for ::1 at 2019-07-25 10:37:30 -0400
Processing by ShipsController#new as HTML
  Rendering ships/new.html.erb within layouts/application
  Rendered ships/new.html.erb within layouts/application (2.4ms)
Completed 200 OK in 13ms (Views: 12.2ms | ActiveRecord: 0.0ms)


Started GET "/ships/new" for ::1 at 2019-07-25 10:37:50 -0400
Processing by ShipsController#new as HTML
  Rendering ships/new.html.erb within layouts/application
  Rendered ships/new.html.erb within layouts/application (1.5ms)
Completed 200 OK in 6ms (Views: 5.5ms | ActiveRecord: 0.0ms)


Started GET "/ships/new" for ::1 at 2019-07-25 10:54:18 -0400
  [1m[35m (0.2ms)[0m  [1m[34mSELECT "schema_migrations"."version" FROM "schema_migrations" ORDER BY "schema_migrations"."version" ASC[0m
  ↳ /Users/tjameson/.rvm/gems/ruby-2.6.1/gems/activerecord-5.2.3/lib/active_record/log_subscriber.rb:98
Processing by ShipsController#new as HTML
  Rendering ships/new.html.erb within layouts/application
  Rendered ships/new.html.erb within layouts/application (5.3ms)
Completed 200 OK in 137ms (Views: 122.0ms | ActiveRecord: 0.5ms)


Started POST "/ships" for ::1 at 2019-07-25 10:55:07 -0400
Processing by ShipsController#create as HTML
  Parameters: {"utf8"=>"✓", "authenticity_token"=>"UscnRFajLz9aXosewGEgzE5usNsrY75CeKRlNaasjWbzS77VQbrz5CNgwgrF2TwDAfm6kaaaYn5866LdZMP3iw==", "ship"=>{"name"=>"The Flying Dutchman", "category"=>"Ghost Ship", "crew_size"=>"30"}, "commit"=>"Create Ship"}
  [1m[35m (0.0ms)[0m  [1m[36mbegin transaction[0m
  ↳ app/controllers/ships_controller.rb:13
  [1m[36mShip Create (0.8ms)[0m  [1m[32mINSERT INTO "ships" ("crew_size", "name", "category", "created_at", "updated_at") VALUES (?, ?, ?, ?, ?)[0m  [["crew_size", 30], ["name", "The Flying Dutchman"], ["category", "Ghost Ship"], ["created_at", "2019-07-25 14:55:07.596081"], ["updated_at", "2019-07-25 14:55:07.596081"]]
  ↳ app/controllers/ships_controller.rb:13
  [1m[35m (4.0ms)[0m  [1m[36mcommit transaction[0m
  ↳ app/controllers/ships_controller.rb:13
Redirected to http://localhost:3000/ships/2
Completed 302 Found in 7ms (ActiveRecord: 4.8ms)


Started GET "/ships/2" for ::1 at 2019-07-25 10:55:07 -0400
Processing by ShipsController#show as HTML
  Parameters: {"id"=>"2"}
  [1m[36mShip Load (0.1ms)[0m  [1m[34mSELECT  "ships".* FROM "ships" WHERE "ships"."id" = ? LIMIT ?[0m  [["id", 2], ["LIMIT", 1]]
  ↳ app/controllers/ships_controller.rb:24
Completed 406 Not Acceptable in 20ms (ActiveRecord: 0.1ms)


  
ActionController::UnknownFormat (ShipsController#show is missing a template for this request format and variant.

request.formats: ["text/html"]
request.variant: []

NOTE! For XHR/Ajax or API requests, this action would normally respond with 204 No Content: an empty white screen. Since you're loading it in a web browser, we assume that you expected to actually render a template, not nothing, so we're showing an error to be extra-clear. If you expect 204 No Content, carry on. That's what you'll get from an XHR or API request. Give it a shot.):
  
actionpack (5.2.3) lib/action_controller/metal/implicit_render.rb:55:in `default_render'
actionpack (5.2.3) lib/action_controller/metal/basic_implicit_render.rb:6:in `block in send_action'
actionpack (5.2.3) lib/action_controller/metal/basic_implicit_render.rb:6:in `tap'
actionpack (5.2.3) lib/action_controller/metal/basic_implicit_render.rb:6:in `send_action'
actionpack (5.2.3) lib/abstract_controller/base.rb:194:in `process_action'
actionpack (5.2.3) lib/action_controller/metal/rendering.rb:30:in `process_action'
actionpack (5.2.3) lib/abstract_controller/callbacks.rb:42:in `block in process_action'
activesupport (5.2.3) lib/active_support/callbacks.rb:132:in `run_callbacks'
actionpack (5.2.3) lib/abstract_controller/callbacks.rb:41:in `process_action'
actionpack (5.2.3) lib/action_controller/metal/rescue.rb:22:in `process_action'
actionpack (5.2.3) lib/action_controller/metal/instrumentation.rb:34:in `block in process_action'
activesupport (5.2.3) lib/active_support/notifications.rb:168:in `block in instrument'
activesupport (5.2.3) lib/active_support/notifications/instrumenter.rb:23:in `instrument'
activesupport (5.2.3) lib/active_support/notifications.rb:168:in `instrument'
actionpack (5.2.3) lib/action_controller/metal/instrumentation.rb:32:in `process_action'
actionpack (5.2.3) lib/action_controller/metal/params_wrapper.rb:256:in `process_action'
activerecord (5.2.3) lib/active_record/railties/controller_runtime.rb:24:in `process_action'
actionpack (5.2.3) lib/abstract_controller/base.rb:134:in `process'
actionview (5.2.3) lib/action_view/rendering.rb:32:in `process'
actionpack (5.2.3) lib/action_controller/metal.rb:191:in `dispatch'
actionpack (5.2.3) lib/action_controller/metal.rb:252:in `dispatch'
actionpack (5.2.3) lib/action_dispatch/routing/route_set.rb:52:in `dispatch'
actionpack (5.2.3) lib/action_dispatch/routing/route_set.rb:34:in `serve'
actionpack (5.2.3) lib/action_dispatch/journey/router.rb:52:in `block in serve'
actionpack (5.2.3) lib/action_dispatch/journey/router.rb:35:in `each'
actionpack (5.2.3) lib/action_dispatch/journey/router.rb:35:in `serve'
actionpack (5.2.3) lib/action_dispatch/routing/route_set.rb:840:in `call'
rack (2.0.7) lib/rack/tempfile_reaper.rb:15:in `call'
rack (2.0.7) lib/rack/etag.rb:25:in `call'
rack (2.0.7) lib/rack/conditional_get.rb:25:in `call'
rack (2.0.7) lib/rack/head.rb:12:in `call'
actionpack (5.2.3) lib/action_dispatch/http/content_security_policy.rb:18:in `call'
rack (2.0.7) lib/rack/session/abstract/id.rb:232:in `context'
rack (2.0.7) lib/rack/session/abstract/id.rb:226:in `call'
actionpack (5.2.3) lib/action_dispatch/middleware/cookies.rb:670:in `call'
activerecord (5.2.3) lib/active_record/migration.rb:559:in `call'
actionpack (5.2.3) lib/action_dispatch/middleware/callbacks.rb:28:in `block in call'
activesupport (5.2.3) lib/active_support/callbacks.rb:98:in `run_callbacks'
actionpack (5.2.3) lib/action_dispatch/middleware/callbacks.rb:26:in `call'
actionpack (5.2.3) lib/action_dispatch/middleware/executor.rb:14:in `call'
actionpack (5.2.3) lib/action_dispatch/middleware/debug_exceptions.rb:61:in `call'
web-console (3.7.0) lib/web_console/middleware.rb:135:in `call_app'
web-console (3.7.0) lib/web_console/middleware.rb:30:in `block in call'
web-console (3.7.0) lib/web_console/middleware.rb:20:in `catch'
web-console (3.7.0) lib/web_console/middleware.rb:20:in `call'
actionpack (5.2.3) lib/action_dispatch/middleware/show_exceptions.rb:33:in `call'
railties (5.2.3) lib/rails/rack/logger.rb:38:in `call_app'
railties (5.2.3) lib/rails/rack/logger.rb:26:in `block in call'
activesupport (5.2.3) lib/active_support/tagged_logging.rb:71:in `block in tagged'
activesupport (5.2.3) lib/active_support/tagged_logging.rb:28:in `tagged'
activesupport (5.2.3) lib/active_support/tagged_logging.rb:71:in `tagged'
railties (5.2.3) lib/rails/rack/logger.rb:26:in `call'
sprockets-rails (3.2.1) lib/sprockets/rails/quiet_assets.rb:13:in `call'
actionpack (5.2.3) lib/action_dispatch/middleware/remote_ip.rb:81:in `call'
actionpack (5.2.3) lib/action_dispatch/middleware/request_id.rb:27:in `call'
rack (2.0.7) lib/rack/method_override.rb:22:in `call'
rack (2.0.7) lib/rack/runtime.rb:22:in `call'
activesupport (5.2.3) lib/active_support/cache/strategy/local_cache_middleware.rb:29:in `call'
actionpack (5.2.3) lib/action_dispatch/middleware/executor.rb:14:in `call'
actionpack (5.2.3) lib/action_dispatch/middleware/static.rb:127:in `call'
rack (2.0.7) lib/rack/sendfile.rb:111:in `call'
railties (5.2.3) lib/rails/engine.rb:524:in `call'
puma (3.12.1) lib/puma/configuration.rb:227:in `call'
puma (3.12.1) lib/puma/server.rb:660:in `handle_request'
puma (3.12.1) lib/puma/server.rb:474:in `process_client'
puma (3.12.1) lib/puma/server.rb:334:in `block in run'
puma (3.12.1) lib/puma/thread_pool.rb:135:in `block in spawn_thread'
Started GET "/ships/2" for ::1 at 2019-07-25 10:57:17 -0400
Processing by ShipsController#show as HTML
  Parameters: {"id"=>"2"}
  [1m[36mShip Load (0.1ms)[0m  [1m[34mSELECT  "ships".* FROM "ships" WHERE "ships"."id" = ? LIMIT ?[0m  [["id", 2], ["LIMIT", 1]]
  ↳ app/controllers/ships_controller.rb:24
  Rendering ships/show.html.erb within layouts/application
  Rendered ships/show.html.erb within layouts/application (0.4ms)
Completed 200 OK in 7ms (Views: 5.2ms | ActiveRecord: 0.1ms)


Started GET "/ships/new" for ::1 at 2019-07-25 11:01:59 -0400
Processing by ShipsController#new as HTML
  Rendering ships/new.html.erb within layouts/application
  Rendered ships/new.html.erb within layouts/application (1.5ms)
Completed 200 OK in 12ms (Views: 5.3ms | ActiveRecord: 0.5ms)


Started POST "/ships" for ::1 at 2019-07-25 11:02:37 -0400
Processing by ShipsController#create as HTML
  Parameters: {"utf8"=>"✓", "authenticity_token"=>"+xz3SCsmH0NnW/Y8VXzuo5zpMacQ5F4ci5zeeXsaG0JakG7ZPD/DmB5lvyhQxPJs03477Z0dgiCP0xmRuXVhrw==", "ship"=>{"name"=>"Black Pearl", "category"=>"Pirate Ship", "crew_size"=>"50"}, "commit"=>"Create Ship"}
  [1m[35m (0.0ms)[0m  [1m[36mbegin transaction[0m
  ↳ app/controllers/ships_controller.rb:13
  [1m[36mShip Create (0.3ms)[0m  [1m[32mINSERT INTO "ships" ("crew_size", "name", "category", "created_at", "updated_at") VALUES (?, ?, ?, ?, ?)[0m  [["crew_size", 50], ["name", "Black Pearl"], ["category", "Pirate Ship"], ["created_at", "2019-07-25 15:02:37.393409"], ["updated_at", "2019-07-25 15:02:37.393409"]]
  ↳ app/controllers/ships_controller.rb:13
  [1m[35m (0.7ms)[0m  [1m[36mcommit transaction[0m
  ↳ app/controllers/ships_controller.rb:13
Redirected to http://localhost:3000/ships/3
Completed 302 Found in 4ms (ActiveRecord: 1.1ms)


Started GET "/ships/3" for ::1 at 2019-07-25 11:02:37 -0400
Processing by ShipsController#show as HTML
  Parameters: {"id"=>"3"}
  [1m[36mShip Load (0.1ms)[0m  [1m[34mSELECT  "ships".* FROM "ships" WHERE "ships"."id" = ? LIMIT ?[0m  [["id", 3], ["LIMIT", 1]]
  ↳ app/controllers/ships_controller.rb:27
  Rendering ships/show.html.erb within layouts/application
  Rendered ships/show.html.erb within layouts/application (0.3ms)
Completed 200 OK in 6ms (Views: 4.1ms | ActiveRecord: 0.1ms)


Started GET "/ships/new" for ::1 at 2019-07-25 11:03:22 -0400
Processing by ShipsController#new as HTML
  Rendering ships/new.html.erb within layouts/application
  Rendered ships/new.html.erb within layouts/application (1.4ms)
Completed 200 OK in 13ms (Views: 5.9ms | ActiveRecord: 0.4ms)


Started POST "/ships" for ::1 at 2019-07-25 11:03:35 -0400
Processing by ShipsController#create as HTML
  Parameters: {"utf8"=>"✓", "authenticity_token"=>"pCT6HIbjVIYB/fsaGg7PYLWVnrCCQZS4/npGjyudx28FqGONkfqIXXjDsg4fttOv+gKU+g+4SIT6NYFn6fK9gg==", "ship"=>{"name"=>"", "category"=>"Ghost Ship", "crew_size"=>"10"}, "commit"=>"Create Ship"}
  [1m[35m (0.0ms)[0m  [1m[36mbegin transaction[0m
  ↳ app/controllers/ships_controller.rb:13
  [1m[35m (0.0ms)[0m  [1m[31mrollback transaction[0m
  ↳ app/controllers/ships_controller.rb:13
  Rendering ships/new.html.erb within layouts/application
  Rendered ships/new.html.erb within layouts/application (1.3ms)
Completed 200 OK in 7ms (Views: 5.2ms | ActiveRecord: 0.1ms)


Started GET "/ships/new" for ::1 at 2019-07-25 11:04:42 -0400
Processing by ShipsController#new as HTML
  Rendering ships/new.html.erb within layouts/application
  Rendered ships/new.html.erb within layouts/application (2.1ms)
Completed 200 OK in 8ms (Views: 6.8ms | ActiveRecord: 0.0ms)


Started POST "/ships" for ::1 at 2019-07-25 11:04:51 -0400
Processing by ShipsController#create as HTML
  Parameters: {"utf8"=>"✓", "authenticity_token"=>"W6lykOKZ4ZIc+WeZExdoghRFq/d7n6/iP3w90WLHKLX6JesB9YA9SWXHLo0Wr3RNW9KhvfZmc947M/o5oKhSWA==", "ship"=>{"name"=>"", "category"=>"Pirate Ship", "crew_size"=>"5"}, "commit"=>"Create Ship"}
  [1m[35m (0.0ms)[0m  [1m[36mbegin transaction[0m
  ↳ app/controllers/ships_controller.rb:13
  [1m[35m (0.0ms)[0m  [1m[31mrollback transaction[0m
  ↳ app/controllers/ships_controller.rb:13
  Rendering ships/new.html.erb within layouts/application
  Rendered ships/new.html.erb within layouts/application (1.5ms)
Completed 200 OK in 8ms (Views: 6.2ms | ActiveRecord: 0.1ms)


Started POST "/ships" for ::1 at 2019-07-25 11:06:53 -0400
Processing by ShipsController#create as HTML
  Parameters: {"utf8"=>"✓", "authenticity_token"=>"BfzbWC/K3iZTm+tyseBpsdnpVtUBKH2Zlrq1deoytHGkcELJONMC/Sqloma0WHV+ln5cn4zRoaWS9XKdKF3OnA==", "ship"=>{"name"=>"Jack's Little Ship", "category"=>"Pirate Ship", "crew_size"=>"5"}, "commit"=>"Create Ship"}
  [1m[35m (0.0ms)[0m  [1m[36mbegin transaction[0m
  ↳ app/controllers/ships_controller.rb:13
  [1m[36mShip Create (0.4ms)[0m  [1m[32mINSERT INTO "ships" ("crew_size", "name", "category", "created_at", "updated_at") VALUES (?, ?, ?, ?, ?)[0m  [["crew_size", 5], ["name", "Jack's Little Ship"], ["category", "Pirate Ship"], ["created_at", "2019-07-25 15:06:53.994816"], ["updated_at", "2019-07-25 15:06:53.994816"]]
  ↳ app/controllers/ships_controller.rb:13
  [1m[35m (0.8ms)[0m  [1m[36mcommit transaction[0m
  ↳ app/controllers/ships_controller.rb:13
Redirected to http://localhost:3000/ships/4
Completed 302 Found in 4ms (ActiveRecord: 1.2ms)


Started GET "/ships/4" for ::1 at 2019-07-25 11:06:54 -0400
Processing by ShipsController#show as HTML
  Parameters: {"id"=>"4"}
  [1m[36mShip Load (0.1ms)[0m  [1m[34mSELECT  "ships".* FROM "ships" WHERE "ships"."id" = ? LIMIT ?[0m  [["id", 4], ["LIMIT", 1]]
  ↳ app/controllers/ships_controller.rb:27
  Rendering ships/show.html.erb within layouts/application
  Rendered ships/show.html.erb within layouts/application (0.4ms)
Completed 200 OK in 6ms (Views: 4.6ms | ActiveRecord: 0.1ms)


Started GET "/ships/new" for ::1 at 2019-07-25 11:19:37 -0400
Processing by ShipsController#new as HTML
  Rendering ships/new.html.erb within layouts/application
  Rendered ships/new.html.erb within layouts/application (2.2ms)
Completed 200 OK in 8ms (Views: 7.1ms | ActiveRecord: 0.0ms)


Started GET "/ships/new" for ::1 at 2019-07-25 11:25:05 -0400
Processing by ShipsController#new as HTML
  Rendering ships/new.html.erb within layouts/application
  Rendered ships/new.html.erb within layouts/application (1.7ms)
Completed 200 OK in 13ms (Views: 5.8ms | ActiveRecord: 0.4ms)


Started POST "/ships" for ::1 at 2019-07-25 11:25:14 -0400
Processing by ShipsController#create as HTML
  Parameters: {"utf8"=>"✓", "authenticity_token"=>"44DeWTZYJukuBFXq1c9+bUb5uJ+rr+Uxziz8vW8OIOhCDEfIIUH6Mlc6HP7Qd2KiCW6y1SZWOQ3KYztVrWFaBQ==", "ship"=>{"name"=>"", "category"=>"Ghost Ship", "crew_size"=>"-6"}, "commit"=>"Create Ship"}
  [1m[35m (0.0ms)[0m  [1m[36mbegin transaction[0m
  ↳ app/controllers/ships_controller.rb:13
  [1m[35m (0.0ms)[0m  [1m[31mrollback transaction[0m
  ↳ app/controllers/ships_controller.rb:13
  Rendering ships/new.html.erb within layouts/application
  Rendered ships/new.html.erb within layouts/application (1.8ms)
Completed 200 OK in 8ms (Views: 6.4ms | ActiveRecord: 0.1ms)


Started GET "/ships/new" for ::1 at 2019-07-25 11:37:14 -0400
Processing by ShipsController#new as HTML
  Rendering ships/new.html.erb within layouts/application
  Rendered ships/new.html.erb within layouts/application (4.8ms)
Completed 200 OK in 16ms (Views: 9.1ms | ActiveRecord: 0.5ms)


Started POST "/ships" for ::1 at 2019-07-25 11:37:24 -0400
Processing by ShipsController#create as HTML
  Parameters: {"utf8"=>"✓", "authenticity_token"=>"ly8ciLyZQ1e5NcFnneb4yEAF5zdob9CndFeUneUo/G82o4UZq4CfjMALiHOYXuQHD5LtfeWWDJtwGFN1J0eGgg==", "ship"=>{"name"=>"Amazing SHip", "category"=>"Cruise Ship", "crew_size"=>"43"}, "commit"=>"Create Ship"}
  [1m[35m (0.0ms)[0m  [1m[36mbegin transaction[0m
  ↳ app/controllers/ships_controller.rb:14
  [1m[36mShip Create (0.3ms)[0m  [1m[32mINSERT INTO "ships" ("crew_size", "name", "category", "created_at", "updated_at") VALUES (?, ?, ?, ?, ?)[0m  [["crew_size", 43], ["name", "Amazing SHip"], ["category", "Cruise Ship"], ["created_at", "2019-07-25 15:37:24.961732"], ["updated_at", "2019-07-25 15:37:24.961732"]]
  ↳ app/controllers/ships_controller.rb:14
  [1m[35m (0.8ms)[0m  [1m[36mcommit transaction[0m
  ↳ app/controllers/ships_controller.rb:14
Redirected to http://localhost:3000/ships/5
Completed 302 Found in 4ms (ActiveRecord: 1.2ms)


Started GET "/ships/5" for ::1 at 2019-07-25 11:37:24 -0400
Processing by ShipsController#show as HTML
  Parameters: {"id"=>"5"}
  [1m[36mShip Load (0.1ms)[0m  [1m[34mSELECT  "ships".* FROM "ships" WHERE "ships"."id" = ? LIMIT ?[0m  [["id", 5], ["LIMIT", 1]]
  ↳ app/controllers/ships_controller.rb:30
  Rendering ships/show.html.erb within layouts/application
  Rendered ships/show.html.erb within layouts/application (0.3ms)
Completed 200 OK in 5ms (Views: 3.7ms | ActiveRecord: 0.1ms)


Started GET "/ships/new" for ::1 at 2019-07-25 11:37:59 -0400
Processing by ShipsController#new as HTML
  Rendering ships/new.html.erb within layouts/application
  Rendered ships/new.html.erb within layouts/application (1.7ms)
Completed 200 OK in 6ms (Views: 5.7ms | ActiveRecord: 0.0ms)


Started GET "/ships/new" for ::1 at 2019-07-25 11:39:32 -0400
Processing by ShipsController#new as HTML
  Rendering ships/new.html.erb within layouts/application
  Rendered ships/new.html.erb within layouts/application (1.4ms)
Completed 500 Internal Server Error in 3ms (ActiveRecord: 0.0ms)


  
ActionView::Template::Error (wrong number of arguments (given 2, expected 4..6)):
    14:     <%= f.text_field :name %><br>
    15: 
    16:     <%= f.label :category %><br>
    17:     <%= f.collection_select :category, @categories %><br>
    18: 
    19:     <%= f.label :crew_size %><br>
    20:     <%= f.number_field :crew_size %><br>
  
app/views/ships/new.html.erb:17:in `block in _app_views_ships_new_html_erb__2713640430894750797_70172462119500'
app/views/ships/new.html.erb:12:in `_app_views_ships_new_html_erb__2713640430894750797_70172462119500'
Started GET "/ships/new" for ::1 at 2019-07-25 11:48:57 -0400
Processing by ShipsController#new as HTML
  Rendering ships/new.html.erb within layouts/application
  Rendered ships/new.html.erb within layouts/application (2.7ms)
Completed 500 Internal Server Error in 12ms (ActiveRecord: 0.4ms)


  
ActionView::Template::Error (undefined method `model_name' for nil:NilClass):
    20:     <%= f.number_field :crew_size %><br>
    21: 
    22:     <%= f.label :port %><br>
    23:     <%= f.fields_for @port do |pf| %>
    24:         <%= pf.label :name%>
    25:         <%= pf.text_field :name %>
    26:         <%= pf.label :location %>
  
app/views/ships/new.html.erb:23:in `block in _app_views_ships_new_html_erb__2713640430894750797_70172484471840'
app/views/ships/new.html.erb:12:in `_app_views_ships_new_html_erb__2713640430894750797_70172484471840'
Started GET "/ships/new" for ::1 at 2019-07-25 11:49:56 -0400
Processing by ShipsController#new as HTML
  Rendering ships/new.html.erb within layouts/application
  Rendered ships/new.html.erb within layouts/application (3.0ms)
Completed 200 OK in 30ms (Views: 7.5ms | ActiveRecord: 0.9ms)


Started GET "/ships/new" for ::1 at 2019-07-25 11:52:04 -0400
Processing by ShipsController#new as HTML
  Rendering ships/new.html.erb within layouts/application
  Rendered ships/new.html.erb within layouts/application (2.6ms)
Completed 200 OK in 22ms (Views: 6.4ms | ActiveRecord: 0.9ms)


Started POST "/ships" for ::1 at 2019-07-25 11:52:55 -0400
Processing by ShipsController#create as HTML
  Parameters: {"utf8"=>"✓", "authenticity_token"=>"3nELFIfZhi1kaZhi6ZXn2WRKD1tmfto3iPSFFkAagjp//ZKFkMBa9h1X0XbsLfsWK90FEeuHBguMu0L+gnX41w==", "ship"=>{"name"=>"Everything is okeay", "category"=>"Cargo Ship", "crew_size"=>"27", "port"=>{"name"=>"Norfolk", "location"=>"USA Norfolk", "docks"=>"27", "category"=>"Ghost Ship"}}, "commit"=>"Create Ship"}
Unpermitted parameter: :port
Completed 500 Internal Server Error in 58038ms (ActiveRecord: 0.0ms)


  
SystemExit (exit):
  
(byebug):1:in `exit'
(byebug):1:in `create'
app/controllers/ships_controller.rb:15:in `create'
Started GET "/ships/new" for ::1 at 2019-07-25 11:54:08 -0400
Processing by ShipsController#new as HTML
  Rendering ships/new.html.erb within layouts/application
  Rendered ships/new.html.erb within layouts/application (73.6ms)
Completed 200 OK in 378ms (Views: 138.2ms | ActiveRecord: 7.9ms)


Started POST "/ships" for ::1 at 2019-07-25 11:54:23 -0400
Processing by ShipsController#create as HTML
  Parameters: {"utf8"=>"✓", "authenticity_token"=>"yWqSjHiNjRppakRRTbT8cTzEXi/J2imRCrCsu4XPRQ5o5gsdb5RRwRBUDUVIDOC+c1NUZUQj9a0O/2tTR6A/4w==", "ship"=>{"name"=>"Amazing SHip", "category"=>"Ghost Ship", "crew_size"=>"27", "port"=>{"name"=>"Norfolk", "location"=>"USA Norfolk", "docks"=>"27", "category"=>"Ghost Ship"}}, "commit"=>"Create Ship"}
Completed 500 Internal Server Error in 13ms (ActiveRecord: 0.0ms)


  
SystemExit (exit):
  
(byebug):1:in `exit'
(byebug):1:in `create'
app/controllers/ships_controller.rb:15:in `create'
Started GET "/ships/new" for ::1 at 2019-07-25 11:56:06 -0400
  [1m[35m (0.1ms)[0m  [1m[34mSELECT "schema_migrations"."version" FROM "schema_migrations" ORDER BY "schema_migrations"."version" ASC[0m
  ↳ /Users/tjameson/.rvm/gems/ruby-2.6.1/gems/activerecord-5.2.3/lib/active_record/log_subscriber.rb:98
Processing by ShipsController#new as HTML
  Rendering ships/new.html.erb within layouts/application
  Rendered ships/new.html.erb within layouts/application (29.0ms)
Completed 500 Internal Server Error in 83ms (ActiveRecord: 1.3ms)


  
ActionView::Template::Error (undefined method `model_name' for nil:NilClass):
    20:     <%= f.number_field :crew_size %><br>
    21: 
    22:     <%= f.label :port %><br>
    23:     <%= f.fields_for @ports_attributes do |pf| %>
    24:         <%= pf.label :name%>
    25:         <%= pf.text_field :name %>
    26:         <%= pf.label :location %>
  
app/views/ships/new.html.erb:23:in `block in _app_views_ships_new_html_erb___2954873649240184818_70097033904660'
app/views/ships/new.html.erb:12:in `_app_views_ships_new_html_erb___2954873649240184818_70097033904660'
Started GET "/ships/new" for ::1 at 2019-07-25 11:57:27 -0400
Processing by ShipsController#new as HTML
  Rendering ships/new.html.erb within layouts/application
  Rendered ships/new.html.erb within layouts/application (3.0ms)
Completed 200 OK in 138ms (Views: 121.9ms | ActiveRecord: 0.9ms)


Started GET "/ships/new" for ::1 at 2019-07-25 11:59:15 -0400
Processing by ShipsController#new as HTML
  Rendering ships/new.html.erb within layouts/application
  Rendered ships/new.html.erb within layouts/application (4.6ms)
Completed 200 OK in 44ms (Views: 11.8ms | ActiveRecord: 1.5ms)


Started POST "/ships" for ::1 at 2019-07-25 11:59:36 -0400
Processing by ShipsController#create as HTML
  Parameters: {"utf8"=>"✓", "authenticity_token"=>"NdSunhQWVU6pgkuY62LufddnTC27iXdei9jlvxFZGn6UWDcPAw+JldC8Aozu2vKymPBGZzZwq2KPlyJX0zZgkw==", "ship"=>{"name"=>"Black Pearl", "category"=>"Ghost Ship", "crew_size"=>"267", "ports_attributes"=>{"0"=>{"name"=>"Norfolk", "location"=>"USA Norfolk", "docks"=>"27", "category"=>"Ghost Ship"}}}, "commit"=>"Create Ship"}
  [1m[35m (0.1ms)[0m  [1m[36mbegin transaction[0m
  ↳ app/controllers/ships_controller.rb:16
  [1m[36mShip Create (0.5ms)[0m  [1m[32mINSERT INTO "ships" ("crew_size", "name", "category", "created_at", "updated_at") VALUES (?, ?, ?, ?, ?)[0m  [["crew_size", 267], ["name", "Black Pearl"], ["category", "Ghost Ship"], ["created_at", "2019-07-25 16:01:03.242130"], ["updated_at", "2019-07-25 16:01:03.242130"]]
  ↳ app/controllers/ships_controller.rb:16
  [1m[36mPort Create (0.1ms)[0m  [1m[32mINSERT INTO "ports" ("docks", "location", "name", "category", "created_at", "updated_at") VALUES (?, ?, ?, ?, ?, ?)[0m  [["docks", 27], ["location", "USA Norfolk"], ["name", "Norfolk"], ["category", "Ghost Ship"], ["created_at", "2019-07-25 16:01:03.243661"], ["updated_at", "2019-07-25 16:01:03.243661"]]
  ↳ app/controllers/ships_controller.rb:16
  [1m[36mDocking Create (0.1ms)[0m  [1m[32mINSERT INTO "dockings" ("ship_id", "port_id", "created_at", "updated_at") VALUES (?, ?, ?, ?)[0m  [["ship_id", 6], ["port_id", 2], ["created_at", "2019-07-25 16:01:03.256982"], ["updated_at", "2019-07-25 16:01:03.256982"]]
  ↳ app/controllers/ships_controller.rb:16
  [1m[35m (0.5ms)[0m  [1m[36mcommit transaction[0m
  ↳ app/controllers/ships_controller.rb:16
Redirected to http://localhost:3000/ships/6
Completed 302 Found in 86825ms (ActiveRecord: 1.5ms)


Started GET "/ships/6" for ::1 at 2019-07-25 12:01:03 -0400
Processing by ShipsController#show as HTML
  Parameters: {"id"=>"6"}
  [1m[36mShip Load (0.1ms)[0m  [1m[34mSELECT  "ships".* FROM "ships" WHERE "ships"."id" = ? LIMIT ?[0m  [["id", 6], ["LIMIT", 1]]
  ↳ app/controllers/ships_controller.rb:33
  Rendering ships/show.html.erb within layouts/application
  Rendered ships/show.html.erb within layouts/application (0.3ms)
Completed 200 OK in 7ms (Views: 4.6ms | ActiveRecord: 0.1ms)


  [1m[36mShip Load (0.3ms)[0m  [1m[34mSELECT  "ships".* FROM "ships" LIMIT ?[0m  [["LIMIT", 11]]
  [1m[36mShip Load (0.4ms)[0m  [1m[34mSELECT  "ships".* FROM "ships" LIMIT ?[0m  [["LIMIT", 11]]
  [1m[36mShip Load (0.2ms)[0m  [1m[34mSELECT  "ships".* FROM "ships" ORDER BY "ships"."id" DESC LIMIT ?[0m  [["LIMIT", 1]]
  [1m[36mShip Load (0.2ms)[0m  [1m[34mSELECT  "ships".* FROM "ships" ORDER BY "ships"."id" DESC LIMIT ?[0m  [["LIMIT", 1]]
  [1m[36mDocking Load (0.1ms)[0m  [1m[34mSELECT  "dockings".* FROM "dockings" WHERE "dockings"."ship_id" = ? LIMIT ?[0m  [["ship_id", 6], ["LIMIT", 11]]
  [1m[36mShip Load (0.2ms)[0m  [1m[34mSELECT  "ships".* FROM "ships" ORDER BY "ships"."id" DESC LIMIT ?[0m  [["LIMIT", 1]]
  [1m[36mDocking Load (0.2ms)[0m  [1m[34mSELECT "dockings".* FROM "dockings" WHERE "dockings"."ship_id" = ?[0m  [["ship_id", 6]]
Started GET "/ships/6" for ::1 at 2019-07-25 12:20:28 -0400
  [1m[35m (0.2ms)[0m  [1m[34mSELECT "schema_migrations"."version" FROM "schema_migrations" ORDER BY "schema_migrations"."version" ASC[0m
  ↳ /Users/tjameson/.rvm/gems/ruby-2.6.1/gems/activerecord-5.2.3/lib/active_record/log_subscriber.rb:98
Processing by ShipsController#show as HTML
  Parameters: {"id"=>"6"}
  [1m[36mShip Load (0.1ms)[0m  [1m[34mSELECT  "ships".* FROM "ships" WHERE "ships"."id" = ? LIMIT ?[0m  [["id", 6], ["LIMIT", 1]]
  ↳ app/controllers/ships_controller.rb:33
  Rendering ships/show.html.erb within layouts/application
  [1m[36mDocking Load (0.8ms)[0m  [1m[34mSELECT "dockings".* FROM "dockings" WHERE "dockings"."ship_id" = ?[0m  [["ship_id", 6]]
  ↳ app/models/ship.rb:9
  [1m[36mPort Load (0.8ms)[0m  [1m[34mSELECT  "ports".* FROM "ports" WHERE "ports"."id" = ? LIMIT ?[0m  [["id", 2], ["LIMIT", 1]]
  ↳ app/views/ships/show.html.erb:10
  Rendered ships/show.html.erb within layouts/application (37.7ms)
Completed 200 OK in 171ms (Views: 154.4ms | ActiveRecord: 3.5ms)


Started GET "/ports/new" for ::1 at 2019-07-25 12:32:03 -0400
  
SyntaxError (/Users/tjameson/flatiron/cohort-06-24-19/post-lecture-code/dc-web-062419/salty_sailor/app/controllers/ports_controller.rb:6: `@' without identifiers is not allowed as an instance variable name
/Users/tjameson/flatiron/cohort-06-24-19/post-lecture-code/dc-web-062419/salty_sailor/app/controllers/ports_controller.rb:6: syntax error, unexpected end-of-input
        @
        ^):
  
app/controllers/ports_controller.rb:6: `@' without identifiers is not allowed as an instance variable name
app/controllers/ports_controller.rb:6: syntax error, unexpected end-of-input
Started GET "/ports/new" for ::1 at 2019-07-25 12:32:17 -0400
Processing by PortsController#new as HTML
  Rendering ports/new.html.erb within layouts/application
  Rendered ports/new.html.erb within layouts/application (4.6ms)
Completed 200 OK in 16ms (Views: 8.6ms | ActiveRecord: 0.4ms)


Started GET "/ports/new" for ::1 at 2019-07-25 12:34:07 -0400
Processing by PortsController#new as HTML
  Rendering ports/new.html.erb within layouts/application
  Rendered ports/new.html.erb within layouts/application (2.0ms)
Completed 200 OK in 18ms (Views: 7.6ms | ActiveRecord: 0.6ms)


Started POST "/ports" for ::1 at 2019-07-25 12:36:19 -0400
Processing by PortsController#create as HTML
  Parameters: {"utf8"=>"✓", "authenticity_token"=>"UxxPvF4LCr9+uxg/K3MddWPdR8Zj5uBKDioEhiR8aW2T/QhW63V/9mTEoBCrMJwuDWvwFB2vfIGwdaeG9V4LDQ==", "port"=>{"name"=>"Tortuga ", "location"=>"Caribbean ", "docks"=>"7", "category"=>"Big Port "}, "commit"=>"Create Port"}
  [1m[35m (0.0ms)[0m  [1m[36mbegin transaction[0m
  ↳ app/controllers/ports_controller.rb:12
  [1m[36mPort Create (0.4ms)[0m  [1m[32mINSERT INTO "ports" ("docks", "location", "name", "category", "created_at", "updated_at") VALUES (?, ?, ?, ?, ?, ?)[0m  [["docks", 7], ["location", "Caribbean "], ["name", "Tortuga "], ["category", "Big Port "], ["created_at", "2019-07-25 16:36:19.097255"], ["updated_at", "2019-07-25 16:36:19.097255"]]
  ↳ app/controllers/ports_controller.rb:12
  [1m[35m (0.6ms)[0m  [1m[36mcommit transaction[0m
  ↳ app/controllers/ports_controller.rb:12
Redirected to http://localhost:3000/ports/3
Completed 302 Found in 10ms (ActiveRecord: 1.5ms)


Started GET "/ports/3" for ::1 at 2019-07-25 12:36:19 -0400
Processing by PortsController#show as HTML
  Parameters: {"id"=>"3"}
  [1m[36mPort Load (0.1ms)[0m  [1m[34mSELECT  "ports".* FROM "ports" WHERE "ports"."id" = ? LIMIT ?[0m  [["id", 3], ["LIMIT", 1]]
  ↳ app/controllers/ports_controller.rb:7
  Rendering ports/show.html.erb within layouts/application
  Rendered ports/show.html.erb within layouts/application (0.2ms)
Completed 200 OK in 21ms (Views: 19.9ms | ActiveRecord: 0.1ms)


Started GET "/ports/new" for ::1 at 2019-07-25 12:39:04 -0400
Processing by PortsController#new as HTML
  Rendering ports/new.html.erb within layouts/application
  Rendered ports/new.html.erb within layouts/application (9.7ms)
Completed 500 Internal Server Error in 19ms (ActiveRecord: 0.4ms)


  
ActionView::Template::Error (undefined method `ship_id' for #<Port:0x00007fe04ed70128>
Did you mean?  ship_ids
               ship_ids=):
    14:     <%=f.text_field :category%>
    15: 
    16:     <%=f.label :ship%>
    17:     <%=f.collection_select :ship_id, Ship.all, :id, :name %>
    18: 
    19: 
    20:     <%=f.submit%>
  
app/views/ports/new.html.erb:17:in `block in _app_views_ports_new_html_erb___4534502751119839219_70300631844140'
app/views/ports/new.html.erb:3:in `_app_views_ports_new_html_erb___4534502751119839219_70300631844140'
Started GET "/ports/new" for ::1 at 2019-07-25 12:39:59 -0400
Processing by PortsController#new as HTML
  Rendering ports/new.html.erb within layouts/application
  [1m[36mShip Load (0.1ms)[0m  [1m[34mSELECT "ships".* FROM "ships"[0m
  ↳ app/views/ports/new.html.erb:17
  Rendered ports/new.html.erb within layouts/application (23.2ms)
Completed 200 OK in 30ms (Views: 28.5ms | ActiveRecord: 0.6ms)


Started POST "/ports" for ::1 at 2019-07-25 12:40:18 -0400
Processing by PortsController#create as HTML
  Parameters: {"utf8"=>"✓", "authenticity_token"=>"iZPzSFvkjrMBu4xFvAPvYKmkTI6LrHXSSNZwAJRZvrhJcrSi7pr7+hvENGo8QG47xxL7XPXl6Rn2idMARXvc2A==", "port"=>{"name"=>"Tortuga ", "location"=>"Caribbean ", "docks"=>"12", "category"=>"Big Port ", "ship_ids"=>"3"}, "commit"=>"Create Port"}
Unpermitted parameter: :ship_ids
Completed 500 Internal Server Error in 138908ms (ActiveRecord: 0.0ms)


  
SystemExit (exit):
  
(byebug):1:in `exit'
(byebug):1:in `create'
app/controllers/ports_controller.rb:12:in `create'
Started GET "/ports/new" for ::1 at 2019-07-25 12:43:23 -0400
Processing by PortsController#new as HTML
  Rendering ports/new.html.erb within layouts/application
  [1m[36mShip Load (1.0ms)[0m  [1m[34mSELECT "ships".* FROM "ships"[0m
  ↳ app/views/ports/new.html.erb:17
  Rendered ports/new.html.erb within layouts/application (212.1ms)
Completed 200 OK in 384ms (Views: 279.7ms | ActiveRecord: 9.0ms)


Started POST "/ports" for ::1 at 2019-07-25 12:43:44 -0400
Processing by PortsController#create as HTML
  Parameters: {"utf8"=>"✓", "authenticity_token"=>"Ka65ls2NEVFooh2NTLUyDtWq8uPiANaGPq4l/q7qmOrpT/58ePNkGHLdpaLM9rNVuxxFMZxJSk2A8Yb+f8j6ig==", "port"=>{"name"=>"qwert", "location"=>"Caribbean ", "docks"=>"34", "category"=>"little port", "ship_ids"=>"5"}, "commit"=>"Create Port"}
Unpermitted parameter: :ship_ids
Completed 500 Internal Server Error in 72886ms (ActiveRecord: 0.0ms)


  
SystemExit (exit):
  
(byebug):1:in `exit'
(byebug):1:in `create'
app/controllers/ports_controller.rb:12:in `create'
Started GET "/ports/new" for ::1 at 2019-07-25 12:45:06 -0400
Processing by PortsController#new as HTML
  Rendering ports/new.html.erb within layouts/application
  [1m[36mShip Load (0.9ms)[0m  [1m[34mSELECT "ships".* FROM "ships"[0m
  ↳ app/views/ports/new.html.erb:17
  Rendered ports/new.html.erb within layouts/application (238.3ms)
Completed 200 OK in 433ms (Views: 295.6ms | ActiveRecord: 15.2ms)


Started POST "/ports" for ::1 at 2019-07-25 12:45:16 -0400
Processing by PortsController#create as HTML
  Parameters: {"utf8"=>"✓", "authenticity_token"=>"rCAH1n+fOr2MmqETrYqIFLBA4ZlQfazZ7W2NWU/28IhswUA8yuFP9JblGTwtyQlP3vZWSy40MBJTMi5ZntSS6A==", "port"=>{"name"=>"Tortuga ", "location"=>"Caribbean ", "docks"=>"12", "category"=>"little port", "ship_ids"=>"4"}, "commit"=>"Create Port"}
Completed 500 Internal Server Error in 69058ms (ActiveRecord: 0.0ms)


  
SystemExit (exit):
  
(byebug):1:in `exit'
(byebug):1:in `create'
app/controllers/ports_controller.rb:12:in `create'
